<?xml version="1.0" encoding="UTF-8"?>
<!-- Generated by org.testng.reporters.JUnitXMLReporter -->
<testsuite ignored="0" hostname="DESKTOP-8RQVNON" failures="3" tests="4" name="Test" time="0.315" errors="0" timestamp="2022-11-30T16:49:02 ICT">
  <testcase classname="com.etl.test.testscripts.testDemo2" name="f1" time="0.008"/>
  <testcase classname="com.etl.test.testscripts.testDemo2" name="f2" time="0.002">
    <failure type="java.lang.AssertionError" message="expected [true] but found [false]">
      <![CDATA[java.lang.AssertionError: expected [true] but found [false]
at com.etl.test.testscripts.testDemo2.f2(testDemo2.java:21)
at java.base/java.util.ArrayList.forEach(ArrayList.java:1511)
... Removed 30 stack frames]]>
    </failure>
  </testcase> <!-- f2 -->
  <testcase classname="com.etl.test.testscripts.testDemo" name="f1" time="0.001">
    <failure type="java.lang.AssertionError" message="expected [true] but found [false]">
      <![CDATA[java.lang.AssertionError: expected [true] but found [false]
at com.etl.test.testscripts.testDemo.f1(testDemo.java:16)
at java.base/java.util.ArrayList.forEach(ArrayList.java:1511)
... Removed 30 stack frames]]>
    </failure>
  </testcase> <!-- f1 -->
  <testcase classname="com.etl.test.testscripts.testDemo" name="f2" time="0.001">
    <failure type="java.lang.AssertionError" message="expected [true] but found [false]">
      <![CDATA[java.lang.AssertionError: expected [true] but found [false]
at com.etl.test.testscripts.testDemo.f2(testDemo.java:24)
at java.base/java.util.ArrayList.forEach(ArrayList.java:1511)
... Removed 30 stack frames]]>
    </failure>
  </testcase> <!-- f2 -->
</testsuite> <!-- Test -->
