<?xml version="1.0" encoding="UTF-8"?>
<!-- Generated by org.testng.reporters.JUnitXMLReporter -->
<testsuite ignored="0" hostname="DESKTOP-8RQVNON" failures="49" tests="49" name="Test" time="3.717" errors="0" timestamp="2022-11-30T16:49:06 ICT">
  <testcase classname="com.etl.test.testscripts.TestCycIntf" name="CYCINTF_01__CYC_INTF_VerifyTargetSchematable" time="0.147">
    <failure type="java.sql.SQLSyntaxErrorException" message="ORA-00936: missing expression
">
      <![CDATA[java.sql.SQLSyntaxErrorException: ORA-00936: missing expression

at oracle.jdbc.driver.T4CTTIoer11.processError(T4CTTIoer11.java:629)
at oracle.jdbc.driver.T4CTTIoer11.processError(T4CTTIoer11.java:563)
at oracle.jdbc.driver.T4C8Oall.processError(T4C8Oall.java:1150)
at oracle.jdbc.driver.T4CTTIfun.receive(T4CTTIfun.java:770)
at oracle.jdbc.driver.T4CTTIfun.doRPC(T4CTTIfun.java:298)
at oracle.jdbc.driver.T4C8Oall.doOALL(T4C8Oall.java:497)
at oracle.jdbc.driver.T4CStatement.doOall8(T4CStatement.java:111)
at oracle.jdbc.driver.T4CStatement.executeForDescribe(T4CStatement.java:895)
at oracle.jdbc.driver.OracleStatement.prepareDefineBufferAndExecute(OracleStatement.java:1171)
at oracle.jdbc.driver.OracleStatement.executeMaybeDescribe(OracleStatement.java:1100)
at oracle.jdbc.driver.OracleStatement.executeSQLSelect(OracleStatement.java:1425)
at oracle.jdbc.driver.OracleStatement.doExecuteWithTimeout(OracleStatement.java:1308)
at oracle.jdbc.driver.OracleStatement.executeQuery(OracleStatement.java:1712)
at oracle.jdbc.driver.OracleStatementWrapper.executeQuery(OracleStatementWrapper.java:393)
at com.etl.common.database.DatabaseUtils.getColumnValues(DatabaseUtils.java:253)
at com.etl.common.database.DatabaseUtils.getDiffResultQueries(DatabaseUtils.java:236)
at com.etl.test.testscripts.TestCycIntf.CYCINTF_01__CYC_INTF_VerifyTargetSchematable(TestCycIntf.java:31)
at java.base/java.util.ArrayList.forEach(ArrayList.java:1511)
Caused by: Error : 936, Position : 41, Sql = Select table_name,column_name,data_type, * From information_schema.columns a where table_name = 'CYC_INTF_DES', OriginalSql = Select table_name,column_name,data_type, * From information_schema.columns a where table_name = 'CYC_INTF_DES', Error Msg = ORA-00936: missing expression

at oracle.jdbc.driver.T4CTTIoer11.processError(T4CTTIoer11.java:636)
... 43 more
... Removed 26 stack frames]]>
    </failure>
  </testcase> <!-- CYCINTF_01__CYC_INTF_VerifyTargetSchematable -->
  <testcase classname="com.etl.test.testscripts.TestCycIntf" name="CYCINTF_02__CYC_INTF_CheckRecordCounts" time="0.078">
    <failure type="java.sql.SQLSyntaxErrorException" message="ORA-00942: table or view does not exist
">
      <![CDATA[java.sql.SQLSyntaxErrorException: ORA-00942: table or view does not exist

at oracle.jdbc.driver.T4CTTIoer11.processError(T4CTTIoer11.java:629)
at oracle.jdbc.driver.T4CTTIoer11.processError(T4CTTIoer11.java:563)
at oracle.jdbc.driver.T4C8Oall.processError(T4C8Oall.java:1150)
at oracle.jdbc.driver.T4CTTIfun.receive(T4CTTIfun.java:770)
at oracle.jdbc.driver.T4CTTIfun.doRPC(T4CTTIfun.java:298)
at oracle.jdbc.driver.T4C8Oall.doOALL(T4C8Oall.java:497)
at oracle.jdbc.driver.T4CStatement.doOall8(T4CStatement.java:111)
at oracle.jdbc.driver.T4CStatement.executeForDescribe(T4CStatement.java:895)
at oracle.jdbc.driver.OracleStatement.prepareDefineBufferAndExecute(OracleStatement.java:1171)
at oracle.jdbc.driver.OracleStatement.executeMaybeDescribe(OracleStatement.java:1100)
at oracle.jdbc.driver.OracleStatement.executeSQLSelect(OracleStatement.java:1425)
at oracle.jdbc.driver.OracleStatement.doExecuteWithTimeout(OracleStatement.java:1308)
at oracle.jdbc.driver.OracleStatement.executeQuery(OracleStatement.java:1712)
at oracle.jdbc.driver.OracleStatementWrapper.executeQuery(OracleStatementWrapper.java:393)
at com.etl.common.database.DatabaseUtils.getColumnValues(DatabaseUtils.java:253)
at com.etl.common.database.DatabaseUtils.getDiffResultQueries(DatabaseUtils.java:237)
at com.etl.test.testscripts.TestCycIntf.CYCINTF_02__CYC_INTF_CheckRecordCounts(TestCycIntf.java:54)
at java.base/java.util.ArrayList.forEach(ArrayList.java:1511)
Caused by: Error : 942, Position : 21, Sql = select count(*) from "CYC_INTF", OriginalSql = select count(*) from "CYC_INTF", Error Msg = ORA-00942: table or view does not exist

at oracle.jdbc.driver.T4CTTIoer11.processError(T4CTTIoer11.java:636)
... 43 more
... Removed 26 stack frames]]>
    </failure>
  </testcase> <!-- CYCINTF_02__CYC_INTF_CheckRecordCounts -->
  <testcase classname="com.etl.test.testscripts.TestCycIntf" name="CYCINTF_03__CYC_INTF__UNQ_ID_IN_SRC_STM_CheckValidateValues" time="0.116">
    <failure type="java.sql.SQLSyntaxErrorException" message="ORA-00942: table or view does not exist
">
      <![CDATA[java.sql.SQLSyntaxErrorException: ORA-00942: table or view does not exist

at oracle.jdbc.driver.T4CTTIoer11.processError(T4CTTIoer11.java:629)
at oracle.jdbc.driver.T4CTTIoer11.processError(T4CTTIoer11.java:563)
at oracle.jdbc.driver.T4C8Oall.processError(T4C8Oall.java:1150)
at oracle.jdbc.driver.T4CTTIfun.receive(T4CTTIfun.java:770)
at oracle.jdbc.driver.T4CTTIfun.doRPC(T4CTTIfun.java:298)
at oracle.jdbc.driver.T4C8Oall.doOALL(T4C8Oall.java:497)
at oracle.jdbc.driver.T4CStatement.doOall8(T4CStatement.java:111)
at oracle.jdbc.driver.T4CStatement.executeForDescribe(T4CStatement.java:895)
at oracle.jdbc.driver.OracleStatement.prepareDefineBufferAndExecute(OracleStatement.java:1171)
at oracle.jdbc.driver.OracleStatement.executeMaybeDescribe(OracleStatement.java:1100)
at oracle.jdbc.driver.OracleStatement.executeSQLSelect(OracleStatement.java:1425)
at oracle.jdbc.driver.OracleStatement.doExecuteWithTimeout(OracleStatement.java:1308)
at oracle.jdbc.driver.OracleStatement.executeQuery(OracleStatement.java:1712)
at oracle.jdbc.driver.OracleStatementWrapper.executeQuery(OracleStatementWrapper.java:393)
at com.etl.common.database.DatabaseUtils.getColumnValues(DatabaseUtils.java:253)
at com.etl.common.database.DatabaseUtils.getDiffResultQueries(DatabaseUtils.java:237)
at com.etl.test.testscripts.TestCycIntf.CYCINTF_03__CYC_INTF__UNQ_ID_IN_SRC_STM_CheckValidateValues(TestCycIntf.java:77)
at java.base/java.util.ArrayList.forEach(ArrayList.java:1511)
Caused by: Error : 942, Position : 30, Sql = Select UNQ_ID_IN_SRC_STM From CYC_INTF, OriginalSql = Select UNQ_ID_IN_SRC_STM From CYC_INTF, Error Msg = ORA-00942: table or view does not exist

at oracle.jdbc.driver.T4CTTIoer11.processError(T4CTTIoer11.java:636)
... 43 more
... Removed 26 stack frames]]>
    </failure>
  </testcase> <!-- CYCINTF_03__CYC_INTF__UNQ_ID_IN_SRC_STM_CheckValidateValues -->
  <testcase classname="com.etl.test.testscripts.TestCycIntf" name="CYCINTF_04__CYC_INTF__CYC_CODE_CheckValidateValues" time="0.121">
    <failure type="java.sql.SQLSyntaxErrorException" message="ORA-00942: table or view does not exist
">
      <![CDATA[java.sql.SQLSyntaxErrorException: ORA-00942: table or view does not exist

at oracle.jdbc.driver.T4CTTIoer11.processError(T4CTTIoer11.java:629)
at oracle.jdbc.driver.T4CTTIoer11.processError(T4CTTIoer11.java:563)
at oracle.jdbc.driver.T4C8Oall.processError(T4C8Oall.java:1150)
at oracle.jdbc.driver.T4CTTIfun.receive(T4CTTIfun.java:770)
at oracle.jdbc.driver.T4CTTIfun.doRPC(T4CTTIfun.java:298)
at oracle.jdbc.driver.T4C8Oall.doOALL(T4C8Oall.java:497)
at oracle.jdbc.driver.T4CStatement.doOall8(T4CStatement.java:111)
at oracle.jdbc.driver.T4CStatement.executeForDescribe(T4CStatement.java:895)
at oracle.jdbc.driver.OracleStatement.prepareDefineBufferAndExecute(OracleStatement.java:1171)
at oracle.jdbc.driver.OracleStatement.executeMaybeDescribe(OracleStatement.java:1100)
at oracle.jdbc.driver.OracleStatement.executeSQLSelect(OracleStatement.java:1425)
at oracle.jdbc.driver.OracleStatement.doExecuteWithTimeout(OracleStatement.java:1308)
at oracle.jdbc.driver.OracleStatement.executeQuery(OracleStatement.java:1712)
at oracle.jdbc.driver.OracleStatementWrapper.executeQuery(OracleStatementWrapper.java:393)
at com.etl.common.database.DatabaseUtils.getColumnValues(DatabaseUtils.java:253)
at com.etl.common.database.DatabaseUtils.getDiffResultQueries(DatabaseUtils.java:237)
at com.etl.test.testscripts.TestCycIntf.CYCINTF_04__CYC_INTF__CYC_CODE_CheckValidateValues(TestCycIntf.java:100)
at java.base/java.util.ArrayList.forEach(ArrayList.java:1511)
Caused by: Error : 942, Position : 39, Sql = Select UNQ_ID_IN_SRC_STM,CYC_CODE From CYC_INTF, OriginalSql = Select UNQ_ID_IN_SRC_STM,CYC_CODE From CYC_INTF, Error Msg = ORA-00942: table or view does not exist

at oracle.jdbc.driver.T4CTTIoer11.processError(T4CTTIoer11.java:636)
... 43 more
... Removed 26 stack frames]]>
    </failure>
  </testcase> <!-- CYCINTF_04__CYC_INTF__CYC_CODE_CheckValidateValues -->
  <testcase classname="com.etl.test.testscripts.TestCycIntf" name="CYCINTF_05__CYC_INTF__CYC_NM_CheckValidateValues" time="0.13">
    <failure type="java.sql.SQLSyntaxErrorException" message="ORA-00942: table or view does not exist
">
      <![CDATA[java.sql.SQLSyntaxErrorException: ORA-00942: table or view does not exist

at oracle.jdbc.driver.T4CTTIoer11.processError(T4CTTIoer11.java:629)
at oracle.jdbc.driver.T4CTTIoer11.processError(T4CTTIoer11.java:563)
at oracle.jdbc.driver.T4C8Oall.processError(T4C8Oall.java:1150)
at oracle.jdbc.driver.T4CTTIfun.receive(T4CTTIfun.java:770)
at oracle.jdbc.driver.T4CTTIfun.doRPC(T4CTTIfun.java:298)
at oracle.jdbc.driver.T4C8Oall.doOALL(T4C8Oall.java:497)
at oracle.jdbc.driver.T4CStatement.doOall8(T4CStatement.java:111)
at oracle.jdbc.driver.T4CStatement.executeForDescribe(T4CStatement.java:895)
at oracle.jdbc.driver.OracleStatement.prepareDefineBufferAndExecute(OracleStatement.java:1171)
at oracle.jdbc.driver.OracleStatement.executeMaybeDescribe(OracleStatement.java:1100)
at oracle.jdbc.driver.OracleStatement.executeSQLSelect(OracleStatement.java:1425)
at oracle.jdbc.driver.OracleStatement.doExecuteWithTimeout(OracleStatement.java:1308)
at oracle.jdbc.driver.OracleStatement.executeQuery(OracleStatement.java:1712)
at oracle.jdbc.driver.OracleStatementWrapper.executeQuery(OracleStatementWrapper.java:393)
at com.etl.common.database.DatabaseUtils.getColumnValues(DatabaseUtils.java:253)
at com.etl.common.database.DatabaseUtils.getDiffResultQueries(DatabaseUtils.java:237)
at com.etl.test.testscripts.TestCycIntf.CYCINTF_05__CYC_INTF__CYC_NM_CheckValidateValues(TestCycIntf.java:123)
at java.base/java.util.ArrayList.forEach(ArrayList.java:1511)
Caused by: Error : 942, Position : 37, Sql = Select UNQ_ID_IN_SRC_STM,CYC_NM From CYC_INTF, OriginalSql = Select UNQ_ID_IN_SRC_STM,CYC_NM From CYC_INTF, Error Msg = ORA-00942: table or view does not exist

at oracle.jdbc.driver.T4CTTIoer11.processError(T4CTTIoer11.java:636)
... 43 more
... Removed 26 stack frames]]>
    </failure>
  </testcase> <!-- CYCINTF_05__CYC_INTF__CYC_NM_CheckValidateValues -->
  <testcase classname="com.etl.test.testscripts.TestCycIntf" name="CYCINTF_06__CYC_INTF__CYC_STT_CheckValidateValues" time="0.12">
    <failure type="java.sql.SQLSyntaxErrorException" message="ORA-00942: table or view does not exist
">
      <![CDATA[java.sql.SQLSyntaxErrorException: ORA-00942: table or view does not exist

at oracle.jdbc.driver.T4CTTIoer11.processError(T4CTTIoer11.java:629)
at oracle.jdbc.driver.T4CTTIoer11.processError(T4CTTIoer11.java:563)
at oracle.jdbc.driver.T4C8Oall.processError(T4C8Oall.java:1150)
at oracle.jdbc.driver.T4CTTIfun.receive(T4CTTIfun.java:770)
at oracle.jdbc.driver.T4CTTIfun.doRPC(T4CTTIfun.java:298)
at oracle.jdbc.driver.T4C8Oall.doOALL(T4C8Oall.java:497)
at oracle.jdbc.driver.T4CStatement.doOall8(T4CStatement.java:111)
at oracle.jdbc.driver.T4CStatement.executeForDescribe(T4CStatement.java:895)
at oracle.jdbc.driver.OracleStatement.prepareDefineBufferAndExecute(OracleStatement.java:1171)
at oracle.jdbc.driver.OracleStatement.executeMaybeDescribe(OracleStatement.java:1100)
at oracle.jdbc.driver.OracleStatement.executeSQLSelect(OracleStatement.java:1425)
at oracle.jdbc.driver.OracleStatement.doExecuteWithTimeout(OracleStatement.java:1308)
at oracle.jdbc.driver.OracleStatement.executeQuery(OracleStatement.java:1712)
at oracle.jdbc.driver.OracleStatementWrapper.executeQuery(OracleStatementWrapper.java:393)
at com.etl.common.database.DatabaseUtils.getColumnValues(DatabaseUtils.java:253)
at com.etl.common.database.DatabaseUtils.getDiffResultQueries(DatabaseUtils.java:237)
at com.etl.test.testscripts.TestCycIntf.CYCINTF_06__CYC_INTF__CYC_STT_CheckValidateValues(TestCycIntf.java:146)
at java.base/java.util.ArrayList.forEach(ArrayList.java:1511)
Caused by: Error : 942, Position : 38, Sql = Select UNQ_ID_IN_SRC_STM,CYC_STT From CYC_INTF, OriginalSql = Select UNQ_ID_IN_SRC_STM,CYC_STT From CYC_INTF, Error Msg = ORA-00942: table or view does not exist

at oracle.jdbc.driver.T4CTTIoer11.processError(T4CTTIoer11.java:636)
... 43 more
... Removed 26 stack frames]]>
    </failure>
  </testcase> <!-- CYCINTF_06__CYC_INTF__CYC_STT_CheckValidateValues -->
  <testcase classname="com.etl.test.testscripts.TestCycIntf" name="CYCINTF_07__CYC_INTF__SRC_STM_CODE_CheckValidateValues" time="0.105">
    <failure type="java.sql.SQLSyntaxErrorException" message="ORA-01756: quoted string not properly terminated
">
      <![CDATA[java.sql.SQLSyntaxErrorException: ORA-01756: quoted string not properly terminated

at oracle.jdbc.driver.T4CTTIoer11.processError(T4CTTIoer11.java:629)
at oracle.jdbc.driver.T4CTTIoer11.processError(T4CTTIoer11.java:563)
at oracle.jdbc.driver.T4C8Oall.processError(T4C8Oall.java:1150)
at oracle.jdbc.driver.T4CTTIfun.receive(T4CTTIfun.java:770)
at oracle.jdbc.driver.T4CTTIfun.doRPC(T4CTTIfun.java:298)
at oracle.jdbc.driver.T4C8Oall.doOALL(T4C8Oall.java:497)
at oracle.jdbc.driver.T4CStatement.doOall8(T4CStatement.java:111)
at oracle.jdbc.driver.T4CStatement.executeForDescribe(T4CStatement.java:895)
at oracle.jdbc.driver.OracleStatement.prepareDefineBufferAndExecute(OracleStatement.java:1171)
at oracle.jdbc.driver.OracleStatement.executeMaybeDescribe(OracleStatement.java:1100)
at oracle.jdbc.driver.OracleStatement.executeSQLSelect(OracleStatement.java:1425)
at oracle.jdbc.driver.OracleStatement.doExecuteWithTimeout(OracleStatement.java:1308)
at oracle.jdbc.driver.OracleStatement.executeQuery(OracleStatement.java:1712)
at oracle.jdbc.driver.OracleStatementWrapper.executeQuery(OracleStatementWrapper.java:393)
at com.etl.common.database.DatabaseUtils.getColumnValues(DatabaseUtils.java:253)
at com.etl.common.database.DatabaseUtils.getDiffResultQueries(DatabaseUtils.java:236)
at com.etl.test.testscripts.TestCycIntf.CYCINTF_07__CYC_INTF__SRC_STM_CODE_CheckValidateValues(TestCycIntf.java:169)
at java.base/java.util.ArrayList.forEach(ArrayList.java:1511)
Caused by: Error : 1756, Position : 20, Sql = Select CYCLE_ID,TEAM' From CLOSED_CYCLE, OriginalSql = Select CYCLE_ID,TEAM' From CLOSED_CYCLE, Error Msg = ORA-01756: quoted string not properly terminated

at oracle.jdbc.driver.T4CTTIoer11.processError(T4CTTIoer11.java:636)
... 43 more
... Removed 26 stack frames]]>
    </failure>
  </testcase> <!-- CYCINTF_07__CYC_INTF__SRC_STM_CODE_CheckValidateValues -->
  <testcase classname="com.etl.test.testscripts.TestCycIntf" name="CYCINTF_08__CYC_INTF__SRC_STM_NM_CheckValidateValues" time="0.097">
    <failure type="java.sql.SQLSyntaxErrorException" message="ORA-01756: quoted string not properly terminated
">
      <![CDATA[java.sql.SQLSyntaxErrorException: ORA-01756: quoted string not properly terminated

at oracle.jdbc.driver.T4CTTIoer11.processError(T4CTTIoer11.java:629)
at oracle.jdbc.driver.T4CTTIoer11.processError(T4CTTIoer11.java:563)
at oracle.jdbc.driver.T4C8Oall.processError(T4C8Oall.java:1150)
at oracle.jdbc.driver.T4CTTIfun.receive(T4CTTIfun.java:770)
at oracle.jdbc.driver.T4CTTIfun.doRPC(T4CTTIfun.java:298)
at oracle.jdbc.driver.T4C8Oall.doOALL(T4C8Oall.java:497)
at oracle.jdbc.driver.T4CStatement.doOall8(T4CStatement.java:111)
at oracle.jdbc.driver.T4CStatement.executeForDescribe(T4CStatement.java:895)
at oracle.jdbc.driver.OracleStatement.prepareDefineBufferAndExecute(OracleStatement.java:1171)
at oracle.jdbc.driver.OracleStatement.executeMaybeDescribe(OracleStatement.java:1100)
at oracle.jdbc.driver.OracleStatement.executeSQLSelect(OracleStatement.java:1425)
at oracle.jdbc.driver.OracleStatement.doExecuteWithTimeout(OracleStatement.java:1308)
at oracle.jdbc.driver.OracleStatement.executeQuery(OracleStatement.java:1712)
at oracle.jdbc.driver.OracleStatementWrapper.executeQuery(OracleStatementWrapper.java:393)
at com.etl.common.database.DatabaseUtils.getColumnValues(DatabaseUtils.java:253)
at com.etl.common.database.DatabaseUtils.getDiffResultQueries(DatabaseUtils.java:236)
at com.etl.test.testscripts.TestCycIntf.CYCINTF_08__CYC_INTF__SRC_STM_NM_CheckValidateValues(TestCycIntf.java:192)
at java.base/java.util.ArrayList.forEach(ArrayList.java:1511)
Caused by: Error : 1756, Position : 25, Sql = Select CYCLE_ID,CALL TEAM' From CLOSED_CYCLE, OriginalSql = Select CYCLE_ID,CALL TEAM' From CLOSED_CYCLE, Error Msg = ORA-01756: quoted string not properly terminated

at oracle.jdbc.driver.T4CTTIoer11.processError(T4CTTIoer11.java:636)
... 43 more
... Removed 26 stack frames]]>
    </failure>
  </testcase> <!-- CYCINTF_08__CYC_INTF__SRC_STM_NM_CheckValidateValues -->
  <testcase classname="com.etl.test.testscripts.TestCycIntf" name="CYCINTF_09__CYC_INTF__PCS_DT_CheckValidateValues" time="0.097">
    <failure type="java.sql.SQLException" message="ORA-01008: not all variables bound
">
      <![CDATA[java.sql.SQLException: ORA-01008: not all variables bound

at oracle.jdbc.driver.T4CTTIoer11.processError(T4CTTIoer11.java:629)
at oracle.jdbc.driver.T4CTTIoer11.processError(T4CTTIoer11.java:563)
at oracle.jdbc.driver.T4C8Oall.processError(T4C8Oall.java:1150)
at oracle.jdbc.driver.T4CTTIfun.receive(T4CTTIfun.java:770)
at oracle.jdbc.driver.T4CTTIfun.doRPC(T4CTTIfun.java:298)
at oracle.jdbc.driver.T4C8Oall.doOALL(T4C8Oall.java:497)
at oracle.jdbc.driver.T4CStatement.doOall8(T4CStatement.java:111)
at oracle.jdbc.driver.T4CStatement.executeForDescribe(T4CStatement.java:895)
at oracle.jdbc.driver.OracleStatement.prepareDefineBufferAndExecute(OracleStatement.java:1171)
at oracle.jdbc.driver.OracleStatement.executeMaybeDescribe(OracleStatement.java:1100)
at oracle.jdbc.driver.OracleStatement.executeSQLSelect(OracleStatement.java:1425)
at oracle.jdbc.driver.OracleStatement.doExecuteWithTimeout(OracleStatement.java:1308)
at oracle.jdbc.driver.OracleStatement.executeQuery(OracleStatement.java:1712)
at oracle.jdbc.driver.OracleStatementWrapper.executeQuery(OracleStatementWrapper.java:393)
at com.etl.common.database.DatabaseUtils.getColumnValues(DatabaseUtils.java:253)
at com.etl.common.database.DatabaseUtils.getDiffResultQueries(DatabaseUtils.java:236)
at com.etl.test.testscripts.TestCycIntf.CYCINTF_09__CYC_INTF__PCS_DT_CheckValidateValues(TestCycIntf.java:215)
at java.base/java.util.ArrayList.forEach(ArrayList.java:1511)
Caused by: Error : 1008, Position : 0, Sql = Select CYCLE_ID,:ETL_DATE From CLOSED_CYCLE, OriginalSql = Select CYCLE_ID,:ETL_DATE From CLOSED_CYCLE, Error Msg = ORA-01008: not all variables bound

at oracle.jdbc.driver.T4CTTIoer11.processError(T4CTTIoer11.java:636)
... 43 more
... Removed 26 stack frames]]>
    </failure>
  </testcase> <!-- CYCINTF_09__CYC_INTF__PCS_DT_CheckValidateValues -->
  <testcase classname="com.etl.test.testscripts.TestCycIntf" name="CYCINTF_10__CYC_INTF__CRN_ROW_IND_CheckValidateValues" time="0.111">
    <failure type="java.sql.SQLSyntaxErrorException" message="ORA-00942: table or view does not exist
">
      <![CDATA[java.sql.SQLSyntaxErrorException: ORA-00942: table or view does not exist

at oracle.jdbc.driver.T4CTTIoer11.processError(T4CTTIoer11.java:629)
at oracle.jdbc.driver.T4CTTIoer11.processError(T4CTTIoer11.java:563)
at oracle.jdbc.driver.T4C8Oall.processError(T4C8Oall.java:1150)
at oracle.jdbc.driver.T4CTTIfun.receive(T4CTTIfun.java:770)
at oracle.jdbc.driver.T4CTTIfun.doRPC(T4CTTIfun.java:298)
at oracle.jdbc.driver.T4C8Oall.doOALL(T4C8Oall.java:497)
at oracle.jdbc.driver.T4CStatement.doOall8(T4CStatement.java:111)
at oracle.jdbc.driver.T4CStatement.executeForDescribe(T4CStatement.java:895)
at oracle.jdbc.driver.OracleStatement.prepareDefineBufferAndExecute(OracleStatement.java:1171)
at oracle.jdbc.driver.OracleStatement.executeMaybeDescribe(OracleStatement.java:1100)
at oracle.jdbc.driver.OracleStatement.executeSQLSelect(OracleStatement.java:1425)
at oracle.jdbc.driver.OracleStatement.doExecuteWithTimeout(OracleStatement.java:1308)
at oracle.jdbc.driver.OracleStatement.executeQuery(OracleStatement.java:1712)
at oracle.jdbc.driver.OracleStatementWrapper.executeQuery(OracleStatementWrapper.java:393)
at com.etl.common.database.DatabaseUtils.getColumnValues(DatabaseUtils.java:253)
at com.etl.common.database.DatabaseUtils.getDiffResultQueries(DatabaseUtils.java:237)
at com.etl.test.testscripts.TestCycIntf.CYCINTF_10__CYC_INTF__CRN_ROW_IND_CheckValidateValues(TestCycIntf.java:238)
at java.base/java.util.ArrayList.forEach(ArrayList.java:1511)
Caused by: Error : 942, Position : 42, Sql = Select UNQ_ID_IN_SRC_STM,CRN_ROW_IND From CYC_INTF, OriginalSql = Select UNQ_ID_IN_SRC_STM,CRN_ROW_IND From CYC_INTF, Error Msg = ORA-00942: table or view does not exist

at oracle.jdbc.driver.T4CTTIoer11.processError(T4CTTIoer11.java:636)
... 43 more
... Removed 26 stack frames]]>
    </failure>
  </testcase> <!-- CYCINTF_10__CYC_INTF__CRN_ROW_IND_CheckValidateValues -->
  <testcase classname="com.etl.test.testscripts.TestCycIntf" name="CYCINTF_11__CYC_INTF__EFF_FM_TMS_CheckValidateValues" time="0.099">
    <failure type="java.sql.SQLSyntaxErrorException" message="ORA-00904: &amp;quot;SYS_DATE&amp;quot;: invalid identifier
">
      <![CDATA[java.sql.SQLSyntaxErrorException: ORA-00904: "SYS_DATE": invalid identifier

at oracle.jdbc.driver.T4CTTIoer11.processError(T4CTTIoer11.java:629)
at oracle.jdbc.driver.T4CTTIoer11.processError(T4CTTIoer11.java:563)
at oracle.jdbc.driver.T4C8Oall.processError(T4C8Oall.java:1150)
at oracle.jdbc.driver.T4CTTIfun.receive(T4CTTIfun.java:770)
at oracle.jdbc.driver.T4CTTIfun.doRPC(T4CTTIfun.java:298)
at oracle.jdbc.driver.T4C8Oall.doOALL(T4C8Oall.java:497)
at oracle.jdbc.driver.T4CStatement.doOall8(T4CStatement.java:111)
at oracle.jdbc.driver.T4CStatement.executeForDescribe(T4CStatement.java:895)
at oracle.jdbc.driver.OracleStatement.prepareDefineBufferAndExecute(OracleStatement.java:1171)
at oracle.jdbc.driver.OracleStatement.executeMaybeDescribe(OracleStatement.java:1100)
at oracle.jdbc.driver.OracleStatement.executeSQLSelect(OracleStatement.java:1425)
at oracle.jdbc.driver.OracleStatement.doExecuteWithTimeout(OracleStatement.java:1308)
at oracle.jdbc.driver.OracleStatement.executeQuery(OracleStatement.java:1712)
at oracle.jdbc.driver.OracleStatementWrapper.executeQuery(OracleStatementWrapper.java:393)
at com.etl.common.database.DatabaseUtils.getColumnValues(DatabaseUtils.java:253)
at com.etl.common.database.DatabaseUtils.getDiffResultQueries(DatabaseUtils.java:236)
at com.etl.test.testscripts.TestCycIntf.CYCINTF_11__CYC_INTF__EFF_FM_TMS_CheckValidateValues(TestCycIntf.java:261)
at java.base/java.util.ArrayList.forEach(ArrayList.java:1511)
Caused by: Error : 904, Position : 16, Sql = Select CYCLE_ID,SYS_DATE From CLOSED_CYCLE, OriginalSql = Select CYCLE_ID,SYS_DATE From CLOSED_CYCLE, Error Msg = ORA-00904: "SYS_DATE": invalid identifier

at oracle.jdbc.driver.T4CTTIoer11.processError(T4CTTIoer11.java:636)
... 43 more
... Removed 26 stack frames]]>
    </failure>
  </testcase> <!-- CYCINTF_11__CYC_INTF__EFF_FM_TMS_CheckValidateValues -->
  <testcase classname="com.etl.test.testscripts.TestCycIntf" name="CYCINTF_12__CYC_INTF__EFF_TO_TMS_CheckValidateValues" time="0.104">
    <failure type="java.sql.SQLSyntaxErrorException" message="ORA-00923: FROM keyword not found where expected
">
      <![CDATA[java.sql.SQLSyntaxErrorException: ORA-00923: FROM keyword not found where expected

at oracle.jdbc.driver.T4CTTIoer11.processError(T4CTTIoer11.java:629)
at oracle.jdbc.driver.T4CTTIoer11.processError(T4CTTIoer11.java:563)
at oracle.jdbc.driver.T4C8Oall.processError(T4C8Oall.java:1150)
at oracle.jdbc.driver.T4CTTIfun.receive(T4CTTIfun.java:770)
at oracle.jdbc.driver.T4CTTIfun.doRPC(T4CTTIfun.java:298)
at oracle.jdbc.driver.T4C8Oall.doOALL(T4C8Oall.java:497)
at oracle.jdbc.driver.T4CStatement.doOall8(T4CStatement.java:111)
at oracle.jdbc.driver.T4CStatement.executeForDescribe(T4CStatement.java:895)
at oracle.jdbc.driver.OracleStatement.prepareDefineBufferAndExecute(OracleStatement.java:1171)
at oracle.jdbc.driver.OracleStatement.executeMaybeDescribe(OracleStatement.java:1100)
at oracle.jdbc.driver.OracleStatement.executeSQLSelect(OracleStatement.java:1425)
at oracle.jdbc.driver.OracleStatement.doExecuteWithTimeout(OracleStatement.java:1308)
at oracle.jdbc.driver.OracleStatement.executeQuery(OracleStatement.java:1712)
at oracle.jdbc.driver.OracleStatementWrapper.executeQuery(OracleStatementWrapper.java:393)
at com.etl.common.database.DatabaseUtils.getColumnValues(DatabaseUtils.java:253)
at com.etl.common.database.DatabaseUtils.getDiffResultQueries(DatabaseUtils.java:236)
at com.etl.test.testscripts.TestCycIntf.CYCINTF_12__CYC_INTF__EFF_TO_TMS_CheckValidateValues(TestCycIntf.java:284)
at java.base/java.util.ArrayList.forEach(ArrayList.java:1511)
Caused by: Error : 923, Position : 26, Sql = Select CYCLE_ID,1/1/2400  11:59:59 PM From CLOSED_CYCLE, OriginalSql = Select CYCLE_ID,1/1/2400  11:59:59 PM From CLOSED_CYCLE, Error Msg = ORA-00923: FROM keyword not found where expected

at oracle.jdbc.driver.T4CTTIoer11.processError(T4CTTIoer11.java:636)
... 43 more
... Removed 26 stack frames]]>
    </failure>
  </testcase> <!-- CYCINTF_12__CYC_INTF__EFF_TO_TMS_CheckValidateValues -->
  <testcase classname="com.etl.test.testscripts.TestCycIntf" name="CYCINTF_42__CYC_INTF__CYC_NM_Addnewrecorddata" time="0.111">
    <failure type="java.sql.SQLSyntaxErrorException" message="ORA-00936: missing expression
">
      <![CDATA[java.sql.SQLSyntaxErrorException: ORA-00936: missing expression

at oracle.jdbc.driver.T4CTTIoer11.processError(T4CTTIoer11.java:629)
at oracle.jdbc.driver.T4CTTIoer11.processError(T4CTTIoer11.java:563)
at oracle.jdbc.driver.T4C8Oall.processError(T4C8Oall.java:1150)
at oracle.jdbc.driver.T4CTTIfun.receive(T4CTTIfun.java:770)
at oracle.jdbc.driver.T4CTTIfun.doRPC(T4CTTIfun.java:298)
at oracle.jdbc.driver.T4C8Oall.doOALL(T4C8Oall.java:497)
at oracle.jdbc.driver.T4CStatement.doOall8(T4CStatement.java:111)
at oracle.jdbc.driver.T4CStatement.executeForDescribe(T4CStatement.java:895)
at oracle.jdbc.driver.OracleStatement.prepareDefineBufferAndExecute(OracleStatement.java:1171)
at oracle.jdbc.driver.OracleStatement.executeMaybeDescribe(OracleStatement.java:1100)
at oracle.jdbc.driver.OracleStatement.executeSQLSelect(OracleStatement.java:1425)
at oracle.jdbc.driver.OracleStatement.doExecuteWithTimeout(OracleStatement.java:1308)
at oracle.jdbc.driver.OracleStatement.executeQuery(OracleStatement.java:1712)
at oracle.jdbc.driver.OracleStatementWrapper.executeQuery(OracleStatementWrapper.java:393)
at com.etl.common.database.DatabaseUtils.getColumnValues(DatabaseUtils.java:253)
at com.etl.common.database.DatabaseUtils.getDiffResultQueries(DatabaseUtils.java:237)
at com.etl.test.testscripts.TestCycIntf.CYCINTF_42__CYC_INTF__CYC_NM_Addnewrecorddata(TestCycIntf.java:977)
at java.base/java.util.ArrayList.forEach(ArrayList.java:1511)
Caused by: Error : 936, Position : 73, Sql = select UNQ_ID_IN_SRC_STM, CYC_NM from CYC_INTF where UNQ_ID_IN_SRC_STM = , OriginalSql = select UNQ_ID_IN_SRC_STM, CYC_NM from CYC_INTF where UNQ_ID_IN_SRC_STM = , Error Msg = ORA-00936: missing expression

at oracle.jdbc.driver.T4CTTIoer11.processError(T4CTTIoer11.java:636)
... 43 more
... Removed 26 stack frames]]>
    </failure>
  </testcase> <!-- CYCINTF_42__CYC_INTF__CYC_NM_Addnewrecorddata -->
  <testcase classname="com.etl.test.testscripts.TestCycIntf" name="CYCINTF_43__CYC_INTF__CYC_STT_Addnewrecorddata" time="0.106">
    <failure type="java.sql.SQLSyntaxErrorException" message="ORA-00936: missing expression
">
      <![CDATA[java.sql.SQLSyntaxErrorException: ORA-00936: missing expression

at oracle.jdbc.driver.T4CTTIoer11.processError(T4CTTIoer11.java:629)
at oracle.jdbc.driver.T4CTTIoer11.processError(T4CTTIoer11.java:563)
at oracle.jdbc.driver.T4C8Oall.processError(T4C8Oall.java:1150)
at oracle.jdbc.driver.T4CTTIfun.receive(T4CTTIfun.java:770)
at oracle.jdbc.driver.T4CTTIfun.doRPC(T4CTTIfun.java:298)
at oracle.jdbc.driver.T4C8Oall.doOALL(T4C8Oall.java:497)
at oracle.jdbc.driver.T4CStatement.doOall8(T4CStatement.java:111)
at oracle.jdbc.driver.T4CStatement.executeForDescribe(T4CStatement.java:895)
at oracle.jdbc.driver.OracleStatement.prepareDefineBufferAndExecute(OracleStatement.java:1171)
at oracle.jdbc.driver.OracleStatement.executeMaybeDescribe(OracleStatement.java:1100)
at oracle.jdbc.driver.OracleStatement.executeSQLSelect(OracleStatement.java:1425)
at oracle.jdbc.driver.OracleStatement.doExecuteWithTimeout(OracleStatement.java:1308)
at oracle.jdbc.driver.OracleStatement.executeQuery(OracleStatement.java:1712)
at oracle.jdbc.driver.OracleStatementWrapper.executeQuery(OracleStatementWrapper.java:393)
at com.etl.common.database.DatabaseUtils.getColumnValues(DatabaseUtils.java:253)
at com.etl.common.database.DatabaseUtils.getDiffResultQueries(DatabaseUtils.java:237)
at com.etl.test.testscripts.TestCycIntf.CYCINTF_43__CYC_INTF__CYC_STT_Addnewrecorddata(TestCycIntf.java:1000)
at java.base/java.util.ArrayList.forEach(ArrayList.java:1511)
Caused by: Error : 936, Position : 74, Sql = select UNQ_ID_IN_SRC_STM, CYC_STT from CYC_INTF where UNQ_ID_IN_SRC_STM = , OriginalSql = select UNQ_ID_IN_SRC_STM, CYC_STT from CYC_INTF where UNQ_ID_IN_SRC_STM = , Error Msg = ORA-00936: missing expression

at oracle.jdbc.driver.T4CTTIoer11.processError(T4CTTIoer11.java:636)
... 43 more
... Removed 26 stack frames]]>
    </failure>
  </testcase> <!-- CYCINTF_43__CYC_INTF__CYC_STT_Addnewrecorddata -->
  <testcase classname="com.etl.test.testscripts.TestCycIntf" name="CYCINTF_44__CYC_INTF__SRC_STM_CODE_Addnewrecorddata" time="0.11">
    <failure type="java.sql.SQLSyntaxErrorException" message="ORA-00936: missing expression
">
      <![CDATA[java.sql.SQLSyntaxErrorException: ORA-00936: missing expression

at oracle.jdbc.driver.T4CTTIoer11.processError(T4CTTIoer11.java:629)
at oracle.jdbc.driver.T4CTTIoer11.processError(T4CTTIoer11.java:563)
at oracle.jdbc.driver.T4C8Oall.processError(T4C8Oall.java:1150)
at oracle.jdbc.driver.T4CTTIfun.receive(T4CTTIfun.java:770)
at oracle.jdbc.driver.T4CTTIfun.doRPC(T4CTTIfun.java:298)
at oracle.jdbc.driver.T4C8Oall.doOALL(T4C8Oall.java:497)
at oracle.jdbc.driver.T4CStatement.doOall8(T4CStatement.java:111)
at oracle.jdbc.driver.T4CStatement.executeForDescribe(T4CStatement.java:895)
at oracle.jdbc.driver.OracleStatement.prepareDefineBufferAndExecute(OracleStatement.java:1171)
at oracle.jdbc.driver.OracleStatement.executeMaybeDescribe(OracleStatement.java:1100)
at oracle.jdbc.driver.OracleStatement.executeSQLSelect(OracleStatement.java:1425)
at oracle.jdbc.driver.OracleStatement.doExecuteWithTimeout(OracleStatement.java:1308)
at oracle.jdbc.driver.OracleStatement.executeQuery(OracleStatement.java:1712)
at oracle.jdbc.driver.OracleStatementWrapper.executeQuery(OracleStatementWrapper.java:393)
at com.etl.common.database.DatabaseUtils.getColumnValues(DatabaseUtils.java:253)
at com.etl.common.database.DatabaseUtils.getDiffResultQueries(DatabaseUtils.java:237)
at com.etl.test.testscripts.TestCycIntf.CYCINTF_44__CYC_INTF__SRC_STM_CODE_Addnewrecorddata(TestCycIntf.java:1023)
at java.base/java.util.ArrayList.forEach(ArrayList.java:1511)
Caused by: Error : 936, Position : 79, Sql = select UNQ_ID_IN_SRC_STM, SRC_STM_CODE from CYC_INTF where UNQ_ID_IN_SRC_STM = , OriginalSql = select UNQ_ID_IN_SRC_STM, SRC_STM_CODE from CYC_INTF where UNQ_ID_IN_SRC_STM = , Error Msg = ORA-00936: missing expression

at oracle.jdbc.driver.T4CTTIoer11.processError(T4CTTIoer11.java:636)
... 43 more
... Removed 26 stack frames]]>
    </failure>
  </testcase> <!-- CYCINTF_44__CYC_INTF__SRC_STM_CODE_Addnewrecorddata -->
  <testcase classname="com.etl.test.testscripts.TestCycIntf" name="CYCINTF_45__CYC_INTF__SRC_STM_NM_Addnewrecorddata" time="0.105">
    <failure type="java.sql.SQLSyntaxErrorException" message="ORA-00936: missing expression
">
      <![CDATA[java.sql.SQLSyntaxErrorException: ORA-00936: missing expression

at oracle.jdbc.driver.T4CTTIoer11.processError(T4CTTIoer11.java:629)
at oracle.jdbc.driver.T4CTTIoer11.processError(T4CTTIoer11.java:563)
at oracle.jdbc.driver.T4C8Oall.processError(T4C8Oall.java:1150)
at oracle.jdbc.driver.T4CTTIfun.receive(T4CTTIfun.java:770)
at oracle.jdbc.driver.T4CTTIfun.doRPC(T4CTTIfun.java:298)
at oracle.jdbc.driver.T4C8Oall.doOALL(T4C8Oall.java:497)
at oracle.jdbc.driver.T4CStatement.doOall8(T4CStatement.java:111)
at oracle.jdbc.driver.T4CStatement.executeForDescribe(T4CStatement.java:895)
at oracle.jdbc.driver.OracleStatement.prepareDefineBufferAndExecute(OracleStatement.java:1171)
at oracle.jdbc.driver.OracleStatement.executeMaybeDescribe(OracleStatement.java:1100)
at oracle.jdbc.driver.OracleStatement.executeSQLSelect(OracleStatement.java:1425)
at oracle.jdbc.driver.OracleStatement.doExecuteWithTimeout(OracleStatement.java:1308)
at oracle.jdbc.driver.OracleStatement.executeQuery(OracleStatement.java:1712)
at oracle.jdbc.driver.OracleStatementWrapper.executeQuery(OracleStatementWrapper.java:393)
at com.etl.common.database.DatabaseUtils.getColumnValues(DatabaseUtils.java:253)
at com.etl.common.database.DatabaseUtils.getDiffResultQueries(DatabaseUtils.java:237)
at com.etl.test.testscripts.TestCycIntf.CYCINTF_45__CYC_INTF__SRC_STM_NM_Addnewrecorddata(TestCycIntf.java:1046)
at java.base/java.util.ArrayList.forEach(ArrayList.java:1511)
Caused by: Error : 936, Position : 77, Sql = select UNQ_ID_IN_SRC_STM, SRC_STM_NM from CYC_INTF where UNQ_ID_IN_SRC_STM = , OriginalSql = select UNQ_ID_IN_SRC_STM, SRC_STM_NM from CYC_INTF where UNQ_ID_IN_SRC_STM = , Error Msg = ORA-00936: missing expression

at oracle.jdbc.driver.T4CTTIoer11.processError(T4CTTIoer11.java:636)
... 43 more
... Removed 26 stack frames]]>
    </failure>
  </testcase> <!-- CYCINTF_45__CYC_INTF__SRC_STM_NM_Addnewrecorddata -->
  <testcase classname="com.etl.test.testscripts.TestCycIntf" name="CYCINTF_46__CYC_INTF__PCS_DT_Addnewrecorddata" time="0.105">
    <failure type="java.sql.SQLSyntaxErrorException" message="ORA-00936: missing expression
">
      <![CDATA[java.sql.SQLSyntaxErrorException: ORA-00936: missing expression

at oracle.jdbc.driver.T4CTTIoer11.processError(T4CTTIoer11.java:629)
at oracle.jdbc.driver.T4CTTIoer11.processError(T4CTTIoer11.java:563)
at oracle.jdbc.driver.T4C8Oall.processError(T4C8Oall.java:1150)
at oracle.jdbc.driver.T4CTTIfun.receive(T4CTTIfun.java:770)
at oracle.jdbc.driver.T4CTTIfun.doRPC(T4CTTIfun.java:298)
at oracle.jdbc.driver.T4C8Oall.doOALL(T4C8Oall.java:497)
at oracle.jdbc.driver.T4CStatement.doOall8(T4CStatement.java:111)
at oracle.jdbc.driver.T4CStatement.executeForDescribe(T4CStatement.java:895)
at oracle.jdbc.driver.OracleStatement.prepareDefineBufferAndExecute(OracleStatement.java:1171)
at oracle.jdbc.driver.OracleStatement.executeMaybeDescribe(OracleStatement.java:1100)
at oracle.jdbc.driver.OracleStatement.executeSQLSelect(OracleStatement.java:1425)
at oracle.jdbc.driver.OracleStatement.doExecuteWithTimeout(OracleStatement.java:1308)
at oracle.jdbc.driver.OracleStatement.executeQuery(OracleStatement.java:1712)
at oracle.jdbc.driver.OracleStatementWrapper.executeQuery(OracleStatementWrapper.java:393)
at com.etl.common.database.DatabaseUtils.getColumnValues(DatabaseUtils.java:253)
at com.etl.common.database.DatabaseUtils.getDiffResultQueries(DatabaseUtils.java:237)
at com.etl.test.testscripts.TestCycIntf.CYCINTF_46__CYC_INTF__PCS_DT_Addnewrecorddata(TestCycIntf.java:1069)
at java.base/java.util.ArrayList.forEach(ArrayList.java:1511)
Caused by: Error : 936, Position : 73, Sql = select UNQ_ID_IN_SRC_STM, PCS_DT from CYC_INTF where UNQ_ID_IN_SRC_STM = , OriginalSql = select UNQ_ID_IN_SRC_STM, PCS_DT from CYC_INTF where UNQ_ID_IN_SRC_STM = , Error Msg = ORA-00936: missing expression

at oracle.jdbc.driver.T4CTTIoer11.processError(T4CTTIoer11.java:636)
... 43 more
... Removed 26 stack frames]]>
    </failure>
  </testcase> <!-- CYCINTF_46__CYC_INTF__PCS_DT_Addnewrecorddata -->
  <testcase classname="com.etl.test.testscripts.TestCycIntf" name="CYCINTF_47__CYC_INTF__CRN_ROW_IND_Addnewrecorddata" time="0.109">
    <failure type="java.sql.SQLSyntaxErrorException" message="ORA-00936: missing expression
">
      <![CDATA[java.sql.SQLSyntaxErrorException: ORA-00936: missing expression

at oracle.jdbc.driver.T4CTTIoer11.processError(T4CTTIoer11.java:629)
at oracle.jdbc.driver.T4CTTIoer11.processError(T4CTTIoer11.java:563)
at oracle.jdbc.driver.T4C8Oall.processError(T4C8Oall.java:1150)
at oracle.jdbc.driver.T4CTTIfun.receive(T4CTTIfun.java:770)
at oracle.jdbc.driver.T4CTTIfun.doRPC(T4CTTIfun.java:298)
at oracle.jdbc.driver.T4C8Oall.doOALL(T4C8Oall.java:497)
at oracle.jdbc.driver.T4CStatement.doOall8(T4CStatement.java:111)
at oracle.jdbc.driver.T4CStatement.executeForDescribe(T4CStatement.java:895)
at oracle.jdbc.driver.OracleStatement.prepareDefineBufferAndExecute(OracleStatement.java:1171)
at oracle.jdbc.driver.OracleStatement.executeMaybeDescribe(OracleStatement.java:1100)
at oracle.jdbc.driver.OracleStatement.executeSQLSelect(OracleStatement.java:1425)
at oracle.jdbc.driver.OracleStatement.doExecuteWithTimeout(OracleStatement.java:1308)
at oracle.jdbc.driver.OracleStatement.executeQuery(OracleStatement.java:1712)
at oracle.jdbc.driver.OracleStatementWrapper.executeQuery(OracleStatementWrapper.java:393)
at com.etl.common.database.DatabaseUtils.getColumnValues(DatabaseUtils.java:253)
at com.etl.common.database.DatabaseUtils.getDiffResultQueries(DatabaseUtils.java:237)
at com.etl.test.testscripts.TestCycIntf.CYCINTF_47__CYC_INTF__CRN_ROW_IND_Addnewrecorddata(TestCycIntf.java:1092)
at java.base/java.util.ArrayList.forEach(ArrayList.java:1511)
Caused by: Error : 936, Position : 78, Sql = select UNQ_ID_IN_SRC_STM, CRN_ROW_IND from CYC_INTF where UNQ_ID_IN_SRC_STM = , OriginalSql = select UNQ_ID_IN_SRC_STM, CRN_ROW_IND from CYC_INTF where UNQ_ID_IN_SRC_STM = , Error Msg = ORA-00936: missing expression

at oracle.jdbc.driver.T4CTTIoer11.processError(T4CTTIoer11.java:636)
... 43 more
... Removed 26 stack frames]]>
    </failure>
  </testcase> <!-- CYCINTF_47__CYC_INTF__CRN_ROW_IND_Addnewrecorddata -->
  <testcase classname="com.etl.test.testscripts.TestCycIntf" name="CYCINTF_48__CYC_INTF__EFF_FM_TMS_Addnewrecorddata" time="0.102">
    <failure type="java.sql.SQLSyntaxErrorException" message="ORA-00936: missing expression
">
      <![CDATA[java.sql.SQLSyntaxErrorException: ORA-00936: missing expression

at oracle.jdbc.driver.T4CTTIoer11.processError(T4CTTIoer11.java:629)
at oracle.jdbc.driver.T4CTTIoer11.processError(T4CTTIoer11.java:563)
at oracle.jdbc.driver.T4C8Oall.processError(T4C8Oall.java:1150)
at oracle.jdbc.driver.T4CTTIfun.receive(T4CTTIfun.java:770)
at oracle.jdbc.driver.T4CTTIfun.doRPC(T4CTTIfun.java:298)
at oracle.jdbc.driver.T4C8Oall.doOALL(T4C8Oall.java:497)
at oracle.jdbc.driver.T4CStatement.doOall8(T4CStatement.java:111)
at oracle.jdbc.driver.T4CStatement.executeForDescribe(T4CStatement.java:895)
at oracle.jdbc.driver.OracleStatement.prepareDefineBufferAndExecute(OracleStatement.java:1171)
at oracle.jdbc.driver.OracleStatement.executeMaybeDescribe(OracleStatement.java:1100)
at oracle.jdbc.driver.OracleStatement.executeSQLSelect(OracleStatement.java:1425)
at oracle.jdbc.driver.OracleStatement.doExecuteWithTimeout(OracleStatement.java:1308)
at oracle.jdbc.driver.OracleStatement.executeQuery(OracleStatement.java:1712)
at oracle.jdbc.driver.OracleStatementWrapper.executeQuery(OracleStatementWrapper.java:393)
at com.etl.common.database.DatabaseUtils.getColumnValues(DatabaseUtils.java:253)
at com.etl.common.database.DatabaseUtils.getDiffResultQueries(DatabaseUtils.java:237)
at com.etl.test.testscripts.TestCycIntf.CYCINTF_48__CYC_INTF__EFF_FM_TMS_Addnewrecorddata(TestCycIntf.java:1115)
at java.base/java.util.ArrayList.forEach(ArrayList.java:1511)
Caused by: Error : 936, Position : 77, Sql = select UNQ_ID_IN_SRC_STM, EFF_FM_TMS from CYC_INTF where UNQ_ID_IN_SRC_STM = , OriginalSql = select UNQ_ID_IN_SRC_STM, EFF_FM_TMS from CYC_INTF where UNQ_ID_IN_SRC_STM = , Error Msg = ORA-00936: missing expression

at oracle.jdbc.driver.T4CTTIoer11.processError(T4CTTIoer11.java:636)
... 43 more
... Removed 26 stack frames]]>
    </failure>
  </testcase> <!-- CYCINTF_48__CYC_INTF__EFF_FM_TMS_Addnewrecorddata -->
  <testcase classname="com.etl.test.testscripts.TestCycIntf" name="CYCINTF_49__CYC_INTF__EFF_TO_TMS_Addnewrecorddata" time="0.11">
    <failure type="java.sql.SQLSyntaxErrorException" message="ORA-00936: missing expression
">
      <![CDATA[java.sql.SQLSyntaxErrorException: ORA-00936: missing expression

at oracle.jdbc.driver.T4CTTIoer11.processError(T4CTTIoer11.java:629)
at oracle.jdbc.driver.T4CTTIoer11.processError(T4CTTIoer11.java:563)
at oracle.jdbc.driver.T4C8Oall.processError(T4C8Oall.java:1150)
at oracle.jdbc.driver.T4CTTIfun.receive(T4CTTIfun.java:770)
at oracle.jdbc.driver.T4CTTIfun.doRPC(T4CTTIfun.java:298)
at oracle.jdbc.driver.T4C8Oall.doOALL(T4C8Oall.java:497)
at oracle.jdbc.driver.T4CStatement.doOall8(T4CStatement.java:111)
at oracle.jdbc.driver.T4CStatement.executeForDescribe(T4CStatement.java:895)
at oracle.jdbc.driver.OracleStatement.prepareDefineBufferAndExecute(OracleStatement.java:1171)
at oracle.jdbc.driver.OracleStatement.executeMaybeDescribe(OracleStatement.java:1100)
at oracle.jdbc.driver.OracleStatement.executeSQLSelect(OracleStatement.java:1425)
at oracle.jdbc.driver.OracleStatement.doExecuteWithTimeout(OracleStatement.java:1308)
at oracle.jdbc.driver.OracleStatement.executeQuery(OracleStatement.java:1712)
at oracle.jdbc.driver.OracleStatementWrapper.executeQuery(OracleStatementWrapper.java:393)
at com.etl.common.database.DatabaseUtils.getColumnValues(DatabaseUtils.java:253)
at com.etl.common.database.DatabaseUtils.getDiffResultQueries(DatabaseUtils.java:237)
at com.etl.test.testscripts.TestCycIntf.CYCINTF_49__CYC_INTF__EFF_TO_TMS_Addnewrecorddata(TestCycIntf.java:1138)
at java.base/java.util.ArrayList.forEach(ArrayList.java:1511)
Caused by: Error : 936, Position : 77, Sql = select UNQ_ID_IN_SRC_STM, EFF_TO_TMS from CYC_INTF where UNQ_ID_IN_SRC_STM = , OriginalSql = select UNQ_ID_IN_SRC_STM, EFF_TO_TMS from CYC_INTF where UNQ_ID_IN_SRC_STM = , Error Msg = ORA-00936: missing expression

at oracle.jdbc.driver.T4CTTIoer11.processError(T4CTTIoer11.java:636)
... 43 more
... Removed 26 stack frames]]>
    </failure>
  </testcase> <!-- CYCINTF_49__CYC_INTF__EFF_TO_TMS_Addnewrecorddata -->
  <testcase classname="com.etl.test.testscripts.TestCycIntf" name="CYCINTF_13__CYC_INTF___CheckUniqueness" time="0.002">
    <failure type="java.sql.SQLException" message="SQL statement to execute cannot be empty or null">
      <![CDATA[java.sql.SQLException: SQL statement to execute cannot be empty or null
at oracle.jdbc.driver.OracleSql.initialize(OracleSql.java:126)
at oracle.jdbc.driver.OracleStatement.executeQuery(OracleStatement.java:1702)
at oracle.jdbc.driver.OracleStatementWrapper.executeQuery(OracleStatementWrapper.java:393)
at com.etl.common.database.DatabaseUtils.getColumnValues(DatabaseUtils.java:253)
at com.etl.common.database.DatabaseUtils.getDiffResultQueries(DatabaseUtils.java:236)
at com.etl.test.testscripts.TestCycIntf.CYCINTF_13__CYC_INTF___CheckUniqueness(TestCycIntf.java:307)
at java.base/java.util.ArrayList.forEach(ArrayList.java:1511)
... Removed 26 stack frames]]>
    </failure>
  </testcase> <!-- CYCINTF_13__CYC_INTF___CheckUniqueness -->
  <testcase classname="com.etl.test.testscripts.TestCycIntf" name="CYCINTF_14__CYC_INTF__CYC_ANCHOR_ID_CheckUniqueness" time="0.0">
    <failure type="java.sql.SQLException" message="SQL statement to execute cannot be empty or null">
      <![CDATA[java.sql.SQLException: SQL statement to execute cannot be empty or null
at oracle.jdbc.driver.OracleSql.initialize(OracleSql.java:126)
at oracle.jdbc.driver.OracleStatement.executeQuery(OracleStatement.java:1702)
at oracle.jdbc.driver.OracleStatementWrapper.executeQuery(OracleStatementWrapper.java:393)
at com.etl.common.database.DatabaseUtils.getColumnValues(DatabaseUtils.java:253)
at com.etl.common.database.DatabaseUtils.getDiffResultQueries(DatabaseUtils.java:236)
at com.etl.test.testscripts.TestCycIntf.CYCINTF_14__CYC_INTF__CYC_ANCHOR_ID_CheckUniqueness(TestCycIntf.java:330)
at java.base/java.util.ArrayList.forEach(ArrayList.java:1511)
... Removed 26 stack frames]]>
    </failure>
  </testcase> <!-- CYCINTF_14__CYC_INTF__CYC_ANCHOR_ID_CheckUniqueness -->
  <testcase classname="com.etl.test.testscripts.TestCycIntf" name="CYCINTF_15__CYC_INTF__UNQ_ID_IN_SRC_STM_CheckCompleteness" time="0.001">
    <failure type="java.sql.SQLException" message="SQL statement to execute cannot be empty or null">
      <![CDATA[java.sql.SQLException: SQL statement to execute cannot be empty or null
at oracle.jdbc.driver.OracleSql.initialize(OracleSql.java:126)
at oracle.jdbc.driver.OracleStatement.executeQuery(OracleStatement.java:1702)
at oracle.jdbc.driver.OracleStatementWrapper.executeQuery(OracleStatementWrapper.java:393)
at com.etl.common.database.DatabaseUtils.getColumnValues(DatabaseUtils.java:253)
at com.etl.common.database.DatabaseUtils.getDiffResultQueries(DatabaseUtils.java:236)
at com.etl.test.testscripts.TestCycIntf.CYCINTF_15__CYC_INTF__UNQ_ID_IN_SRC_STM_CheckCompleteness(TestCycIntf.java:353)
at java.base/java.util.ArrayList.forEach(ArrayList.java:1511)
... Removed 26 stack frames]]>
    </failure>
  </testcase> <!-- CYCINTF_15__CYC_INTF__UNQ_ID_IN_SRC_STM_CheckCompleteness -->
  <testcase classname="com.etl.test.testscripts.TestCycIntf" name="CYCINTF_16__CYC_INTF__PCS_DT_CheckCompleteness" time="0.0">
    <failure type="java.sql.SQLException" message="SQL statement to execute cannot be empty or null">
      <![CDATA[java.sql.SQLException: SQL statement to execute cannot be empty or null
at oracle.jdbc.driver.OracleSql.initialize(OracleSql.java:126)
at oracle.jdbc.driver.OracleStatement.executeQuery(OracleStatement.java:1702)
at oracle.jdbc.driver.OracleStatementWrapper.executeQuery(OracleStatementWrapper.java:393)
at com.etl.common.database.DatabaseUtils.getColumnValues(DatabaseUtils.java:253)
at com.etl.common.database.DatabaseUtils.getDiffResultQueries(DatabaseUtils.java:236)
at com.etl.test.testscripts.TestCycIntf.CYCINTF_16__CYC_INTF__PCS_DT_CheckCompleteness(TestCycIntf.java:376)
at java.base/java.util.ArrayList.forEach(ArrayList.java:1511)
... Removed 26 stack frames]]>
    </failure>
  </testcase> <!-- CYCINTF_16__CYC_INTF__PCS_DT_CheckCompleteness -->
  <testcase classname="com.etl.test.testscripts.TestCycIntf" name="CYCINTF_17__CYC_INTF__PPN_TMS_CheckCompleteness" time="0.0">
    <failure type="java.sql.SQLException" message="SQL statement to execute cannot be empty or null">
      <![CDATA[java.sql.SQLException: SQL statement to execute cannot be empty or null
at oracle.jdbc.driver.OracleSql.initialize(OracleSql.java:126)
at oracle.jdbc.driver.OracleStatement.executeQuery(OracleStatement.java:1702)
at oracle.jdbc.driver.OracleStatementWrapper.executeQuery(OracleStatementWrapper.java:393)
at com.etl.common.database.DatabaseUtils.getColumnValues(DatabaseUtils.java:253)
at com.etl.common.database.DatabaseUtils.getDiffResultQueries(DatabaseUtils.java:236)
at com.etl.test.testscripts.TestCycIntf.CYCINTF_17__CYC_INTF__PPN_TMS_CheckCompleteness(TestCycIntf.java:399)
at java.base/java.util.ArrayList.forEach(ArrayList.java:1511)
... Removed 26 stack frames]]>
    </failure>
  </testcase> <!-- CYCINTF_17__CYC_INTF__PPN_TMS_CheckCompleteness -->
  <testcase classname="com.etl.test.testscripts.TestCycIntf" name="CYCINTF_18__CYC_INTF__SRC_STM_CODE_CheckCompleteness" time="0.001">
    <failure type="java.sql.SQLException" message="SQL statement to execute cannot be empty or null">
      <![CDATA[java.sql.SQLException: SQL statement to execute cannot be empty or null
at oracle.jdbc.driver.OracleSql.initialize(OracleSql.java:126)
at oracle.jdbc.driver.OracleStatement.executeQuery(OracleStatement.java:1702)
at oracle.jdbc.driver.OracleStatementWrapper.executeQuery(OracleStatementWrapper.java:393)
at com.etl.common.database.DatabaseUtils.getColumnValues(DatabaseUtils.java:253)
at com.etl.common.database.DatabaseUtils.getDiffResultQueries(DatabaseUtils.java:236)
at com.etl.test.testscripts.TestCycIntf.CYCINTF_18__CYC_INTF__SRC_STM_CODE_CheckCompleteness(TestCycIntf.java:422)
at java.base/java.util.ArrayList.forEach(ArrayList.java:1511)
... Removed 26 stack frames]]>
    </failure>
  </testcase> <!-- CYCINTF_18__CYC_INTF__SRC_STM_CODE_CheckCompleteness -->
  <testcase classname="com.etl.test.testscripts.TestCycIntf" name="CYCINTF_19__CYC_INTF__SRC_STM_NM_CheckCompleteness" time="0.001">
    <failure type="java.sql.SQLException" message="SQL statement to execute cannot be empty or null">
      <![CDATA[java.sql.SQLException: SQL statement to execute cannot be empty or null
at oracle.jdbc.driver.OracleSql.initialize(OracleSql.java:126)
at oracle.jdbc.driver.OracleStatement.executeQuery(OracleStatement.java:1702)
at oracle.jdbc.driver.OracleStatementWrapper.executeQuery(OracleStatementWrapper.java:393)
at com.etl.common.database.DatabaseUtils.getColumnValues(DatabaseUtils.java:253)
at com.etl.common.database.DatabaseUtils.getDiffResultQueries(DatabaseUtils.java:236)
at com.etl.test.testscripts.TestCycIntf.CYCINTF_19__CYC_INTF__SRC_STM_NM_CheckCompleteness(TestCycIntf.java:445)
at java.base/java.util.ArrayList.forEach(ArrayList.java:1511)
... Removed 26 stack frames]]>
    </failure>
  </testcase> <!-- CYCINTF_19__CYC_INTF__SRC_STM_NM_CheckCompleteness -->
  <testcase classname="com.etl.test.testscripts.TestCycIntf" name="CYCINTF_20__CYC_INTF__CYC_ANCHOR_ID_CheckCompleteness" time="0.0">
    <failure type="java.sql.SQLException" message="SQL statement to execute cannot be empty or null">
      <![CDATA[java.sql.SQLException: SQL statement to execute cannot be empty or null
at oracle.jdbc.driver.OracleSql.initialize(OracleSql.java:126)
at oracle.jdbc.driver.OracleStatement.executeQuery(OracleStatement.java:1702)
at oracle.jdbc.driver.OracleStatementWrapper.executeQuery(OracleStatementWrapper.java:393)
at com.etl.common.database.DatabaseUtils.getColumnValues(DatabaseUtils.java:253)
at com.etl.common.database.DatabaseUtils.getDiffResultQueries(DatabaseUtils.java:236)
at com.etl.test.testscripts.TestCycIntf.CYCINTF_20__CYC_INTF__CYC_ANCHOR_ID_CheckCompleteness(TestCycIntf.java:468)
at java.base/java.util.ArrayList.forEach(ArrayList.java:1511)
... Removed 26 stack frames]]>
    </failure>
  </testcase> <!-- CYCINTF_20__CYC_INTF__CYC_ANCHOR_ID_CheckCompleteness -->
  <testcase classname="com.etl.test.testscripts.TestCycIntf" name="CYCINTF_21__CYC_INTF__CRN_ROW_IND_CheckCompleteness" time="0.001">
    <failure type="java.sql.SQLException" message="SQL statement to execute cannot be empty or null">
      <![CDATA[java.sql.SQLException: SQL statement to execute cannot be empty or null
at oracle.jdbc.driver.OracleSql.initialize(OracleSql.java:126)
at oracle.jdbc.driver.OracleStatement.executeQuery(OracleStatement.java:1702)
at oracle.jdbc.driver.OracleStatementWrapper.executeQuery(OracleStatementWrapper.java:393)
at com.etl.common.database.DatabaseUtils.getColumnValues(DatabaseUtils.java:253)
at com.etl.common.database.DatabaseUtils.getDiffResultQueries(DatabaseUtils.java:236)
at com.etl.test.testscripts.TestCycIntf.CYCINTF_21__CYC_INTF__CRN_ROW_IND_CheckCompleteness(TestCycIntf.java:491)
at java.base/java.util.ArrayList.forEach(ArrayList.java:1511)
... Removed 26 stack frames]]>
    </failure>
  </testcase> <!-- CYCINTF_21__CYC_INTF__CRN_ROW_IND_CheckCompleteness -->
  <testcase classname="com.etl.test.testscripts.TestCycIntf" name="CYCINTF_22__CYC_INTF__EFF_FM_TMS_CheckCompleteness" time="0.0">
    <failure type="java.sql.SQLException" message="SQL statement to execute cannot be empty or null">
      <![CDATA[java.sql.SQLException: SQL statement to execute cannot be empty or null
at oracle.jdbc.driver.OracleSql.initialize(OracleSql.java:126)
at oracle.jdbc.driver.OracleStatement.executeQuery(OracleStatement.java:1702)
at oracle.jdbc.driver.OracleStatementWrapper.executeQuery(OracleStatementWrapper.java:393)
at com.etl.common.database.DatabaseUtils.getColumnValues(DatabaseUtils.java:253)
at com.etl.common.database.DatabaseUtils.getDiffResultQueries(DatabaseUtils.java:236)
at com.etl.test.testscripts.TestCycIntf.CYCINTF_22__CYC_INTF__EFF_FM_TMS_CheckCompleteness(TestCycIntf.java:514)
at java.base/java.util.ArrayList.forEach(ArrayList.java:1511)
... Removed 26 stack frames]]>
    </failure>
  </testcase> <!-- CYCINTF_22__CYC_INTF__EFF_FM_TMS_CheckCompleteness -->
  <testcase classname="com.etl.test.testscripts.TestCycIntf" name="CYCINTF_23__CYC_INTF__EFF_TO_TMS_CheckCompleteness" time="0.001">
    <failure type="java.sql.SQLException" message="SQL statement to execute cannot be empty or null">
      <![CDATA[java.sql.SQLException: SQL statement to execute cannot be empty or null
at oracle.jdbc.driver.OracleSql.initialize(OracleSql.java:126)
at oracle.jdbc.driver.OracleStatement.executeQuery(OracleStatement.java:1702)
at oracle.jdbc.driver.OracleStatementWrapper.executeQuery(OracleStatementWrapper.java:393)
at com.etl.common.database.DatabaseUtils.getColumnValues(DatabaseUtils.java:253)
at com.etl.common.database.DatabaseUtils.getDiffResultQueries(DatabaseUtils.java:236)
at com.etl.test.testscripts.TestCycIntf.CYCINTF_23__CYC_INTF__EFF_TO_TMS_CheckCompleteness(TestCycIntf.java:537)
at java.base/java.util.ArrayList.forEach(ArrayList.java:1511)
... Removed 26 stack frames]]>
    </failure>
  </testcase> <!-- CYCINTF_23__CYC_INTF__EFF_TO_TMS_CheckCompleteness -->
  <testcase classname="com.etl.test.testscripts.TestCycIntf" name="CYCINTF_24__CYC_INTF__SRC_STM_CODE_CheckValidity" time="0.0">
    <failure type="java.sql.SQLException" message="SQL statement to execute cannot be empty or null">
      <![CDATA[java.sql.SQLException: SQL statement to execute cannot be empty or null
at oracle.jdbc.driver.OracleSql.initialize(OracleSql.java:126)
at oracle.jdbc.driver.OracleStatement.executeQuery(OracleStatement.java:1702)
at oracle.jdbc.driver.OracleStatementWrapper.executeQuery(OracleStatementWrapper.java:393)
at com.etl.common.database.DatabaseUtils.getColumnValues(DatabaseUtils.java:253)
at com.etl.common.database.DatabaseUtils.getDiffResultQueries(DatabaseUtils.java:236)
at com.etl.test.testscripts.TestCycIntf.CYCINTF_24__CYC_INTF__SRC_STM_CODE_CheckValidity(TestCycIntf.java:561)
at java.base/java.util.ArrayList.forEach(ArrayList.java:1511)
... Removed 26 stack frames]]>
    </failure>
  </testcase> <!-- CYCINTF_24__CYC_INTF__SRC_STM_CODE_CheckValidity -->
  <testcase classname="com.etl.test.testscripts.TestCycIntf" name="CYCINTF_25__CYC_INTF__SRC_STM_NM_CheckValidity" time="0.0">
    <failure type="java.sql.SQLException" message="SQL statement to execute cannot be empty or null">
      <![CDATA[java.sql.SQLException: SQL statement to execute cannot be empty or null
at oracle.jdbc.driver.OracleSql.initialize(OracleSql.java:126)
at oracle.jdbc.driver.OracleStatement.executeQuery(OracleStatement.java:1702)
at oracle.jdbc.driver.OracleStatementWrapper.executeQuery(OracleStatementWrapper.java:393)
at com.etl.common.database.DatabaseUtils.getColumnValues(DatabaseUtils.java:253)
at com.etl.common.database.DatabaseUtils.getDiffResultQueries(DatabaseUtils.java:236)
at com.etl.test.testscripts.TestCycIntf.CYCINTF_25__CYC_INTF__SRC_STM_NM_CheckValidity(TestCycIntf.java:585)
at java.base/java.util.ArrayList.forEach(ArrayList.java:1511)
... Removed 26 stack frames]]>
    </failure>
  </testcase> <!-- CYCINTF_25__CYC_INTF__SRC_STM_NM_CheckValidity -->
  <testcase classname="com.etl.test.testscripts.TestCycIntf" name="CYCINTF_26__CYC_INTF__CRN_ROW_IND_CheckValidity" time="0.001">
    <failure type="java.sql.SQLException" message="SQL statement to execute cannot be empty or null">
      <![CDATA[java.sql.SQLException: SQL statement to execute cannot be empty or null
at oracle.jdbc.driver.OracleSql.initialize(OracleSql.java:126)
at oracle.jdbc.driver.OracleStatement.executeQuery(OracleStatement.java:1702)
at oracle.jdbc.driver.OracleStatementWrapper.executeQuery(OracleStatementWrapper.java:393)
at com.etl.common.database.DatabaseUtils.getColumnValues(DatabaseUtils.java:253)
at com.etl.common.database.DatabaseUtils.getDiffResultQueries(DatabaseUtils.java:236)
at com.etl.test.testscripts.TestCycIntf.CYCINTF_26__CYC_INTF__CRN_ROW_IND_CheckValidity(TestCycIntf.java:608)
at java.base/java.util.ArrayList.forEach(ArrayList.java:1511)
... Removed 26 stack frames]]>
    </failure>
  </testcase> <!-- CYCINTF_26__CYC_INTF__CRN_ROW_IND_CheckValidity -->
  <testcase classname="com.etl.test.testscripts.TestCycIntf" name="CYCINTF_27__CYC_INTF___CheckValidity" time="0.001">
    <failure type="java.sql.SQLException" message="SQL statement to execute cannot be empty or null">
      <![CDATA[java.sql.SQLException: SQL statement to execute cannot be empty or null
at oracle.jdbc.driver.OracleSql.initialize(OracleSql.java:126)
at oracle.jdbc.driver.OracleStatement.executeQuery(OracleStatement.java:1702)
at oracle.jdbc.driver.OracleStatementWrapper.executeQuery(OracleStatementWrapper.java:393)
at com.etl.common.database.DatabaseUtils.getColumnValues(DatabaseUtils.java:253)
at com.etl.common.database.DatabaseUtils.getDiffResultQueries(DatabaseUtils.java:236)
at com.etl.test.testscripts.TestCycIntf.CYCINTF_27__CYC_INTF___CheckValidity(TestCycIntf.java:631)
at java.base/java.util.ArrayList.forEach(ArrayList.java:1511)
... Removed 26 stack frames]]>
    </failure>
  </testcase> <!-- CYCINTF_27__CYC_INTF___CheckValidity -->
  <testcase classname="com.etl.test.testscripts.TestCycIntf" name="CYCINTF_28__CYC_INTF___Checkvalue" time="0.0">
    <failure type="java.sql.SQLException" message="SQL statement to execute cannot be empty or null">
      <![CDATA[java.sql.SQLException: SQL statement to execute cannot be empty or null
at oracle.jdbc.driver.OracleSql.initialize(OracleSql.java:126)
at oracle.jdbc.driver.OracleStatement.executeQuery(OracleStatement.java:1702)
at oracle.jdbc.driver.OracleStatementWrapper.executeQuery(OracleStatementWrapper.java:393)
at com.etl.common.database.DatabaseUtils.getColumnValues(DatabaseUtils.java:253)
at com.etl.common.database.DatabaseUtils.getDiffResultQueries(DatabaseUtils.java:236)
at com.etl.test.testscripts.TestCycIntf.CYCINTF_28__CYC_INTF___Checkvalue(TestCycIntf.java:654)
at java.base/java.util.ArrayList.forEach(ArrayList.java:1511)
... Removed 26 stack frames]]>
    </failure>
  </testcase> <!-- CYCINTF_28__CYC_INTF___Checkvalue -->
  <testcase classname="com.etl.test.testscripts.TestCycIntf" name="CYCINTF_29__CYC_INTF___Checkvalidity" time="0.0">
    <failure type="java.sql.SQLException" message="SQL statement to execute cannot be empty or null">
      <![CDATA[java.sql.SQLException: SQL statement to execute cannot be empty or null
at oracle.jdbc.driver.OracleSql.initialize(OracleSql.java:126)
at oracle.jdbc.driver.OracleStatement.executeQuery(OracleStatement.java:1702)
at oracle.jdbc.driver.OracleStatementWrapper.executeQuery(OracleStatementWrapper.java:393)
at com.etl.common.database.DatabaseUtils.getColumnValues(DatabaseUtils.java:253)
at com.etl.common.database.DatabaseUtils.getDiffResultQueries(DatabaseUtils.java:236)
at com.etl.test.testscripts.TestCycIntf.CYCINTF_29__CYC_INTF___Checkvalidity(TestCycIntf.java:677)
at java.base/java.util.ArrayList.forEach(ArrayList.java:1511)
... Removed 26 stack frames]]>
    </failure>
  </testcase> <!-- CYCINTF_29__CYC_INTF___Checkvalidity -->
  <testcase classname="com.etl.test.testscripts.TestCycIntf" name="CYCINTF_30__CYC_INTF__PCS_DT_Checkvalue" time="0.0">
    <failure type="java.sql.SQLException" message="SQL statement to execute cannot be empty or null">
      <![CDATA[java.sql.SQLException: SQL statement to execute cannot be empty or null
at oracle.jdbc.driver.OracleSql.initialize(OracleSql.java:126)
at oracle.jdbc.driver.OracleStatement.executeQuery(OracleStatement.java:1702)
at oracle.jdbc.driver.OracleStatementWrapper.executeQuery(OracleStatementWrapper.java:393)
at com.etl.common.database.DatabaseUtils.getColumnValues(DatabaseUtils.java:253)
at com.etl.common.database.DatabaseUtils.getDiffResultQueries(DatabaseUtils.java:236)
at com.etl.test.testscripts.TestCycIntf.CYCINTF_30__CYC_INTF__PCS_DT_Checkvalue(TestCycIntf.java:700)
at java.base/java.util.ArrayList.forEach(ArrayList.java:1511)
... Removed 26 stack frames]]>
    </failure>
  </testcase> <!-- CYCINTF_30__CYC_INTF__PCS_DT_Checkvalue -->
  <testcase classname="com.etl.test.testscripts.TestCycIntf" name="CYCINTF_31__CYC_INTF__PCS_DT_Checkformat" time="0.0">
    <failure type="java.sql.SQLException" message="SQL statement to execute cannot be empty or null">
      <![CDATA[java.sql.SQLException: SQL statement to execute cannot be empty or null
at oracle.jdbc.driver.OracleSql.initialize(OracleSql.java:126)
at oracle.jdbc.driver.OracleStatement.executeQuery(OracleStatement.java:1702)
at oracle.jdbc.driver.OracleStatementWrapper.executeQuery(OracleStatementWrapper.java:393)
at com.etl.common.database.DatabaseUtils.getColumnValues(DatabaseUtils.java:253)
at com.etl.common.database.DatabaseUtils.getDiffResultQueries(DatabaseUtils.java:236)
at com.etl.test.testscripts.TestCycIntf.CYCINTF_31__CYC_INTF__PCS_DT_Checkformat(TestCycIntf.java:723)
at java.base/java.util.ArrayList.forEach(ArrayList.java:1511)
... Removed 26 stack frames]]>
    </failure>
  </testcase> <!-- CYCINTF_31__CYC_INTF__PCS_DT_Checkformat -->
  <testcase classname="com.etl.test.testscripts.TestCycIntf" name="CYCINTF_32__CYC_INTF__CYC_CODE_Updaterecorddata" time="0.0">
    <failure type="java.sql.SQLException" message="SQL statement to execute cannot be empty or null">
      <![CDATA[java.sql.SQLException: SQL statement to execute cannot be empty or null
at oracle.jdbc.driver.OracleSql.initialize(OracleSql.java:126)
at oracle.jdbc.driver.OracleStatement.executeQuery(OracleStatement.java:1702)
at oracle.jdbc.driver.OracleStatementWrapper.executeQuery(OracleStatementWrapper.java:393)
at com.etl.common.database.DatabaseUtils.getColumnValues(DatabaseUtils.java:253)
at com.etl.common.database.DatabaseUtils.getDiffResultQueries(DatabaseUtils.java:236)
at com.etl.test.testscripts.TestCycIntf.CYCINTF_32__CYC_INTF__CYC_CODE_Updaterecorddata(TestCycIntf.java:746)
at java.base/java.util.ArrayList.forEach(ArrayList.java:1511)
... Removed 26 stack frames]]>
    </failure>
  </testcase> <!-- CYCINTF_32__CYC_INTF__CYC_CODE_Updaterecorddata -->
  <testcase classname="com.etl.test.testscripts.TestCycIntf" name="CYCINTF_33__CYC_INTF__CYC_NM_Updaterecorddata" time="0.0">
    <failure type="java.sql.SQLException" message="SQL statement to execute cannot be empty or null">
      <![CDATA[java.sql.SQLException: SQL statement to execute cannot be empty or null
at oracle.jdbc.driver.OracleSql.initialize(OracleSql.java:126)
at oracle.jdbc.driver.OracleStatement.executeQuery(OracleStatement.java:1702)
at oracle.jdbc.driver.OracleStatementWrapper.executeQuery(OracleStatementWrapper.java:393)
at com.etl.common.database.DatabaseUtils.getColumnValues(DatabaseUtils.java:253)
at com.etl.common.database.DatabaseUtils.getDiffResultQueries(DatabaseUtils.java:236)
at com.etl.test.testscripts.TestCycIntf.CYCINTF_33__CYC_INTF__CYC_NM_Updaterecorddata(TestCycIntf.java:769)
at java.base/java.util.ArrayList.forEach(ArrayList.java:1511)
... Removed 26 stack frames]]>
    </failure>
  </testcase> <!-- CYCINTF_33__CYC_INTF__CYC_NM_Updaterecorddata -->
  <testcase classname="com.etl.test.testscripts.TestCycIntf" name="CYCINTF_34__CYC_INTF__CYC_STT_Updaterecorddata" time="0.0">
    <failure type="java.sql.SQLException" message="SQL statement to execute cannot be empty or null">
      <![CDATA[java.sql.SQLException: SQL statement to execute cannot be empty or null
at oracle.jdbc.driver.OracleSql.initialize(OracleSql.java:126)
at oracle.jdbc.driver.OracleStatement.executeQuery(OracleStatement.java:1702)
at oracle.jdbc.driver.OracleStatementWrapper.executeQuery(OracleStatementWrapper.java:393)
at com.etl.common.database.DatabaseUtils.getColumnValues(DatabaseUtils.java:253)
at com.etl.common.database.DatabaseUtils.getDiffResultQueries(DatabaseUtils.java:236)
at com.etl.test.testscripts.TestCycIntf.CYCINTF_34__CYC_INTF__CYC_STT_Updaterecorddata(TestCycIntf.java:792)
at java.base/java.util.ArrayList.forEach(ArrayList.java:1511)
... Removed 26 stack frames]]>
    </failure>
  </testcase> <!-- CYCINTF_34__CYC_INTF__CYC_STT_Updaterecorddata -->
  <testcase classname="com.etl.test.testscripts.TestCycIntf" name="CYCINTF_35__CYC_INTF__PCS_DT_Updaterecorddata" time="0.0">
    <failure type="java.sql.SQLException" message="SQL statement to execute cannot be empty or null">
      <![CDATA[java.sql.SQLException: SQL statement to execute cannot be empty or null
at oracle.jdbc.driver.OracleSql.initialize(OracleSql.java:126)
at oracle.jdbc.driver.OracleStatement.executeQuery(OracleStatement.java:1702)
at oracle.jdbc.driver.OracleStatementWrapper.executeQuery(OracleStatementWrapper.java:393)
at com.etl.common.database.DatabaseUtils.getColumnValues(DatabaseUtils.java:253)
at com.etl.common.database.DatabaseUtils.getDiffResultQueries(DatabaseUtils.java:236)
at com.etl.test.testscripts.TestCycIntf.CYCINTF_35__CYC_INTF__PCS_DT_Updaterecorddata(TestCycIntf.java:815)
at java.base/java.util.ArrayList.forEach(ArrayList.java:1511)
... Removed 26 stack frames]]>
    </failure>
  </testcase> <!-- CYCINTF_35__CYC_INTF__PCS_DT_Updaterecorddata -->
  <testcase classname="com.etl.test.testscripts.TestCycIntf" name="CYCINTF_36__CYC_INTF__CRN_ROW_IND_Updaterecorddata" time="0.0">
    <failure type="java.sql.SQLException" message="SQL statement to execute cannot be empty or null">
      <![CDATA[java.sql.SQLException: SQL statement to execute cannot be empty or null
at oracle.jdbc.driver.OracleSql.initialize(OracleSql.java:126)
at oracle.jdbc.driver.OracleStatement.executeQuery(OracleStatement.java:1702)
at oracle.jdbc.driver.OracleStatementWrapper.executeQuery(OracleStatementWrapper.java:393)
at com.etl.common.database.DatabaseUtils.getColumnValues(DatabaseUtils.java:253)
at com.etl.common.database.DatabaseUtils.getDiffResultQueries(DatabaseUtils.java:236)
at com.etl.test.testscripts.TestCycIntf.CYCINTF_36__CYC_INTF__CRN_ROW_IND_Updaterecorddata(TestCycIntf.java:838)
at java.base/java.util.ArrayList.forEach(ArrayList.java:1511)
... Removed 26 stack frames]]>
    </failure>
  </testcase> <!-- CYCINTF_36__CYC_INTF__CRN_ROW_IND_Updaterecorddata -->
  <testcase classname="com.etl.test.testscripts.TestCycIntf" name="CYCINTF_37__CYC_INTF__EFF_FM_TMS_Updaterecorddata" time="0.0">
    <failure type="java.sql.SQLException" message="SQL statement to execute cannot be empty or null">
      <![CDATA[java.sql.SQLException: SQL statement to execute cannot be empty or null
at oracle.jdbc.driver.OracleSql.initialize(OracleSql.java:126)
at oracle.jdbc.driver.OracleStatement.executeQuery(OracleStatement.java:1702)
at oracle.jdbc.driver.OracleStatementWrapper.executeQuery(OracleStatementWrapper.java:393)
at com.etl.common.database.DatabaseUtils.getColumnValues(DatabaseUtils.java:253)
at com.etl.common.database.DatabaseUtils.getDiffResultQueries(DatabaseUtils.java:236)
at com.etl.test.testscripts.TestCycIntf.CYCINTF_37__CYC_INTF__EFF_FM_TMS_Updaterecorddata(TestCycIntf.java:861)
at java.base/java.util.ArrayList.forEach(ArrayList.java:1511)
... Removed 26 stack frames]]>
    </failure>
  </testcase> <!-- CYCINTF_37__CYC_INTF__EFF_FM_TMS_Updaterecorddata -->
  <testcase classname="com.etl.test.testscripts.TestCycIntf" name="CYCINTF_38__CYC_INTF__EFF_TO_TMS_Updaterecorddata" time="0.0">
    <failure type="java.sql.SQLException" message="SQL statement to execute cannot be empty or null">
      <![CDATA[java.sql.SQLException: SQL statement to execute cannot be empty or null
at oracle.jdbc.driver.OracleSql.initialize(OracleSql.java:126)
at oracle.jdbc.driver.OracleStatement.executeQuery(OracleStatement.java:1702)
at oracle.jdbc.driver.OracleStatementWrapper.executeQuery(OracleStatementWrapper.java:393)
at com.etl.common.database.DatabaseUtils.getColumnValues(DatabaseUtils.java:253)
at com.etl.common.database.DatabaseUtils.getDiffResultQueries(DatabaseUtils.java:236)
at com.etl.test.testscripts.TestCycIntf.CYCINTF_38__CYC_INTF__EFF_TO_TMS_Updaterecorddata(TestCycIntf.java:884)
at java.base/java.util.ArrayList.forEach(ArrayList.java:1511)
... Removed 26 stack frames]]>
    </failure>
  </testcase> <!-- CYCINTF_38__CYC_INTF__EFF_TO_TMS_Updaterecorddata -->
  <testcase classname="com.etl.test.testscripts.TestCycIntf" name="CYCINTF_39__CYC_INTF_Deleterecorddata" time="0.001">
    <failure type="java.sql.SQLException" message="SQL statement to execute cannot be empty or null">
      <![CDATA[java.sql.SQLException: SQL statement to execute cannot be empty or null
at oracle.jdbc.driver.OracleSql.initialize(OracleSql.java:126)
at oracle.jdbc.driver.OracleStatement.executeQuery(OracleStatement.java:1702)
at oracle.jdbc.driver.OracleStatementWrapper.executeQuery(OracleStatementWrapper.java:393)
at com.etl.common.database.DatabaseUtils.getColumnValues(DatabaseUtils.java:253)
at com.etl.common.database.DatabaseUtils.getDiffResultQueries(DatabaseUtils.java:236)
at com.etl.test.testscripts.TestCycIntf.CYCINTF_39__CYC_INTF_Deleterecorddata(TestCycIntf.java:908)
at java.base/java.util.ArrayList.forEach(ArrayList.java:1511)
... Removed 26 stack frames]]>
    </failure>
  </testcase> <!-- CYCINTF_39__CYC_INTF_Deleterecorddata -->
  <testcase classname="com.etl.test.testscripts.TestCycIntf" name="CYCINTF_40__CYC_INTF__UNQ_ID_IN_SRC_STM_Addnewrecorddata" time="0.076">
    <failure type="java.sql.SQLSyntaxErrorException" message="ORA-00942: table or view does not exist
">
      <![CDATA[java.sql.SQLSyntaxErrorException: ORA-00942: table or view does not exist

at oracle.jdbc.driver.T4CTTIoer11.processError(T4CTTIoer11.java:629)
at oracle.jdbc.driver.T4CTTIoer11.processError(T4CTTIoer11.java:563)
at oracle.jdbc.driver.T4C8Oall.processError(T4C8Oall.java:1150)
at oracle.jdbc.driver.T4CTTIfun.receive(T4CTTIfun.java:770)
at oracle.jdbc.driver.T4CTTIfun.doRPC(T4CTTIfun.java:298)
at oracle.jdbc.driver.T4C8Oall.doOALL(T4C8Oall.java:497)
at oracle.jdbc.driver.T4CStatement.doOall8(T4CStatement.java:111)
at oracle.jdbc.driver.T4CStatement.executeForDescribe(T4CStatement.java:895)
at oracle.jdbc.driver.OracleStatement.prepareDefineBufferAndExecute(OracleStatement.java:1171)
at oracle.jdbc.driver.OracleStatement.executeMaybeDescribe(OracleStatement.java:1100)
at oracle.jdbc.driver.OracleStatement.executeSQLSelect(OracleStatement.java:1425)
at oracle.jdbc.driver.OracleStatement.doExecuteWithTimeout(OracleStatement.java:1308)
at oracle.jdbc.driver.OracleStatement.executeQuery(OracleStatement.java:1712)
at oracle.jdbc.driver.OracleStatementWrapper.executeQuery(OracleStatementWrapper.java:393)
at com.etl.common.database.DatabaseUtils.getColumnValues(DatabaseUtils.java:253)
at com.etl.common.database.DatabaseUtils.getDiffResultQueries(DatabaseUtils.java:237)
at com.etl.test.testscripts.TestCycIntf.CYCINTF_40__CYC_INTF__UNQ_ID_IN_SRC_STM_Addnewrecorddata(TestCycIntf.java:931)
at java.base/java.util.ArrayList.forEach(ArrayList.java:1511)
Caused by: Error : 942, Position : 30, Sql = select UNQ_ID_IN_SRC_STM from CYC_INTF where UNQ_ID_IN_SRC_STM = '', OriginalSql = select UNQ_ID_IN_SRC_STM from CYC_INTF where UNQ_ID_IN_SRC_STM = '', Error Msg = ORA-00942: table or view does not exist

at oracle.jdbc.driver.T4CTTIoer11.processError(T4CTTIoer11.java:636)
... 43 more
... Removed 26 stack frames]]>
    </failure>
  </testcase> <!-- CYCINTF_40__CYC_INTF__UNQ_ID_IN_SRC_STM_Addnewrecorddata -->
  <testcase classname="com.etl.test.testscripts.TestCycIntf" name="CYCINTF_41__CYC_INTF__CYC_CODE_Addnewrecorddata" time="0.15">
    <failure type="java.sql.SQLSyntaxErrorException" message="ORA-00936: missing expression
">
      <![CDATA[java.sql.SQLSyntaxErrorException: ORA-00936: missing expression

at oracle.jdbc.driver.T4CTTIoer11.processError(T4CTTIoer11.java:629)
at oracle.jdbc.driver.T4CTTIoer11.processError(T4CTTIoer11.java:563)
at oracle.jdbc.driver.T4C8Oall.processError(T4C8Oall.java:1150)
at oracle.jdbc.driver.T4CTTIfun.receive(T4CTTIfun.java:770)
at oracle.jdbc.driver.T4CTTIfun.doRPC(T4CTTIfun.java:298)
at oracle.jdbc.driver.T4C8Oall.doOALL(T4C8Oall.java:497)
at oracle.jdbc.driver.T4CStatement.doOall8(T4CStatement.java:111)
at oracle.jdbc.driver.T4CStatement.executeForDescribe(T4CStatement.java:895)
at oracle.jdbc.driver.OracleStatement.prepareDefineBufferAndExecute(OracleStatement.java:1171)
at oracle.jdbc.driver.OracleStatement.executeMaybeDescribe(OracleStatement.java:1100)
at oracle.jdbc.driver.OracleStatement.executeSQLSelect(OracleStatement.java:1425)
at oracle.jdbc.driver.OracleStatement.doExecuteWithTimeout(OracleStatement.java:1308)
at oracle.jdbc.driver.OracleStatement.executeQuery(OracleStatement.java:1712)
at oracle.jdbc.driver.OracleStatementWrapper.executeQuery(OracleStatementWrapper.java:393)
at com.etl.common.database.DatabaseUtils.getColumnValues(DatabaseUtils.java:253)
at com.etl.common.database.DatabaseUtils.getDiffResultQueries(DatabaseUtils.java:237)
at com.etl.test.testscripts.TestCycIntf.CYCINTF_41__CYC_INTF__CYC_CODE_Addnewrecorddata(TestCycIntf.java:954)
at java.base/java.util.ArrayList.forEach(ArrayList.java:1511)
Caused by: Error : 936, Position : 75, Sql = select UNQ_ID_IN_SRC_STM, CYC_CODE from CYC_INTF where UNQ_ID_IN_SRC_STM = , OriginalSql = select UNQ_ID_IN_SRC_STM, CYC_CODE from CYC_INTF where UNQ_ID_IN_SRC_STM = , Error Msg = ORA-00936: missing expression

at oracle.jdbc.driver.T4CTTIoer11.processError(T4CTTIoer11.java:636)
... 43 more
... Removed 26 stack frames]]>
    </failure>
  </testcase> <!-- CYCINTF_41__CYC_INTF__CYC_CODE_Addnewrecorddata -->
</testsuite> <!-- Test -->
